<?xml version="1.0" encoding="UTF-8"?>
<testsuite xmlns:xsi="http://www.w3.org/2001/XMLSchema-instance" xsi:noNamespaceSchemaLocation="https://maven.apache.org/surefire/maven-surefire-plugin/xsd/surefire-test-report-3.0.xsd" version="3.0" name="ProdutoServiceIntegrationTest" time="0.632" tests="6" errors="0" skipped="0" failures="0">
  <properties>
[...]
</properties>
  <testcase name="testAtualizarProduto_Sucesso" classname="ProdutoServiceIntegrationTest" time="0.105">
    <system-out><![CDATA[Tabela 'produto' criada no banco de teste.
]]></system-out>
  </testcase>
  <testcase name="testListarProdutos" classname="ProdutoServiceIntegrationTest" time="0.066"/>
  <testcase name="testCadastrarProduto_PrecoNegativo" classname="ProdutoServiceIntegrationTest" time="0.037"/>
  <testcase name="testExcluirProduto_NaoEncontrado" classname="ProdutoServiceIntegrationTest" time="0.058"/>
  <testcase name="testCadastrarProduto_Sucesso" classname="ProdutoServiceIntegrationTest" time="0.055"/>
  <testcase name="testExcluirProduto_Sucesso" classname="ProdutoServiceIntegrationTest" time="0.063"/>
</testsuite>